Detecting C [-std=c11] compiler features failed to compile with the following output:
Change Dir: C:/AndroidProjects/sparkle/apk/app/.externalNativeBuild/cmake/debug/arm64-v8a/CMakeFiles/CMakeTmp

Run Build Command:"C:\android_sdk\cmake\3.6.4111459\bin\ninja.exe" "cmTC_e7459"
ninja: error: 'C:/AndroidProjects/sparkle/apk/app/.externalNativeBuild/cmake/debug/arm64-v8a/CMakeFiles/feature_tests.c', needed by 'CMakeFiles/cmTC_e7459.dir/feature_tests.c.o', missing and no known rule to make it



Detecting CXX [-std=c++14] compiler features failed to compile with the following output:
Change Dir: C:/AndroidProjects/sparkle/apk/app/.externalNativeBuild/cmake/debug/arm64-v8a/CMakeFiles/CMakeTmp

Run Build Command:"C:\android_sdk\cmake\3.6.4111459\bin\ninja.exe" "cmTC_50c16"
ninja: error: 'C:/AndroidProjects/sparkle/apk/app/.externalNativeBuild/cmake/debug/arm64-v8a/CMakeFiles/feature_tests.cxx', needed by 'CMakeFiles/cmTC_50c16.dir/feature_tests.cxx.o', missing and no known rule to make it



