Detecting C [-std=c11] compiler features failed to compile with the following output:
Change Dir: C:/AndroidProjects/sparkle/apk/app/.externalNativeBuild/cmake/release/arm64-v8a/CMakeFiles/CMakeTmp

Run Build Command:"C:\android_sdk\cmake\3.6.4111459\bin\ninja.exe" "cmTC_97622"
ninja: error: 'C:/AndroidProjects/sparkle/apk/app/.externalNativeBuild/cmake/release/arm64-v8a/CMakeFiles/feature_tests.c', needed by 'CMakeFiles/cmTC_97622.dir/feature_tests.c.o', missing and no known rule to make it



Detecting CXX [-std=c++14] compiler features failed to compile with the following output:
Change Dir: C:/AndroidProjects/sparkle/apk/app/.externalNativeBuild/cmake/release/arm64-v8a/CMakeFiles/CMakeTmp

Run Build Command:"C:\android_sdk\cmake\3.6.4111459\bin\ninja.exe" "cmTC_b5e70"
ninja: error: 'C:/AndroidProjects/sparkle/apk/app/.externalNativeBuild/cmake/release/arm64-v8a/CMakeFiles/feature_tests.cxx', needed by 'CMakeFiles/cmTC_b5e70.dir/feature_tests.cxx.o', missing and no known rule to make it



