Detecting C [-std=c11] compiler features failed to compile with the following output:
Change Dir: C:/AndroidProjects/sparkle/apk/app/.externalNativeBuild/cmake/release/x86/CMakeFiles/CMakeTmp

Run Build Command:"C:\android_sdk\cmake\3.6.4111459\bin\ninja.exe" "cmTC_0dc5e"
ninja: error: 'C:/AndroidProjects/sparkle/apk/app/.externalNativeBuild/cmake/release/x86/CMakeFiles/feature_tests.c', needed by 'CMakeFiles/cmTC_0dc5e.dir/feature_tests.c.o', missing and no known rule to make it



Detecting CXX [-std=c++14] compiler features failed to compile with the following output:
Change Dir: C:/AndroidProjects/sparkle/apk/app/.externalNativeBuild/cmake/release/x86/CMakeFiles/CMakeTmp

Run Build Command:"C:\android_sdk\cmake\3.6.4111459\bin\ninja.exe" "cmTC_444fe"
ninja: error: 'C:/AndroidProjects/sparkle/apk/app/.externalNativeBuild/cmake/release/x86/CMakeFiles/feature_tests.cxx', needed by 'CMakeFiles/cmTC_444fe.dir/feature_tests.cxx.o', missing and no known rule to make it



